# JRE version: Java(TM) SE Runtime Environment (17.0.12+8) (build 17.0.12+8-LTS-286)
# Java VM: Java HotSpot(TM) 64-Bit Server VM (17.0.12+8-LTS-286, mixed mode, sharing, tiered, compressed oops, compressed class ptrs, g1 gc, windows-amd64)
GC Precious Log:
 CPUs: 8 total, 8 available
 Memory: 15610M
 Large Page Support: Disabled
 NUMA Support: Disabled
 Compressed Oops: Enabled (Zero based)
 Heap Region Size: 2M
 Heap Min Capacity: 8M
 Heap Initial Capacity: 244M
 Heap Max Capacity: 3904M
 Pre-touch: Disabled
 Parallel Workers: 8
 Concurrent Workers: 2
 Concurrent Refinement Workers: 8
 Periodic GC: Disabled
Heap:
 garbage-first heap   total 65536K, used 35257K [0x000000070c000000, 0x0000000800000000)
  region size 2048K, 5 young (10240K), 1 survivors (2048K)
 Metaspace       used 77428K, committed 78080K, reserved 1179648K
  class space    used 10337K, committed 10688K, reserved 1048576K
GC Heap History (20 events):
Event: 865624.074 GC heap before
{Heap before GC invocations=369 (full 0):
 garbage-first heap   total 65536K, used 53619K [0x000000070c000000, 0x0000000800000000)
  region size 2048K, 13 young (26624K), 1 survivors (2048K)
 Metaspace       used 77144K, committed 77760K, reserved 1179648K
  class space    used 10323K, committed 10688K, reserved 1048576K
}
Event: 865624.093 GC heap after
{Heap after GC invocations=370 (full 0):
 garbage-first heap   total 65536K, used 29225K [0x000000070c000000, 0x0000000800000000)
  region size 2048K, 1 young (2048K), 1 survivors (2048K)
 Metaspace       used 77144K, committed 77760K, reserved 1179648K
  class space    used 10323K, committed 10688K, reserved 1048576K
}
Event: 866361.932 GC heap before
{Heap before GC invocations=370 (full 0):
 garbage-first heap   total 65536K, used 53801K [0x000000070c000000, 0x0000000800000000)
  region size 2048K, 13 young (26624K), 1 survivors (2048K)
 Metaspace       used 77190K, committed 77824K, reserved 1179648K
  class space    used 10324K, committed 10688K, reserved 1048576K
}
Event: 866361.937 GC heap after
{Heap after GC invocations=371 (full 0):
 garbage-first heap   total 65536K, used 29271K [0x000000070c000000, 0x0000000800000000)
  region size 2048K, 1 young (2048K), 1 survivors (2048K)
 Metaspace       used 77190K, committed 77824K, reserved 1179648K
  class space    used 10324K, committed 10688K, reserved 1048576K
}
Event: 867099.053 GC heap before
{Heap before GC invocations=371 (full 0):
 garbage-first heap   total 65536K, used 53847K [0x000000070c000000, 0x0000000800000000)
  region size 2048K, 13 young (26624K), 1 survivors (2048K)
 Metaspace       used 77190K, committed 77824K, reserved 1179648K
  class space    used 10324K, committed 10688K, reserved 1048576K
}
Event: 867099.070 GC heap after
{Heap after GC invocations=372 (full 0):
 garbage-first heap   total 65536K, used 29470K [0x000000070c000000, 0x0000000800000000)
  region size 2048K, 1 young (2048K), 1 survivors (2048K)
 Metaspace       used 77190K, committed 77824K, reserved 1179648K
  class space    used 10324K, committed 10688K, reserved 1048576K
}
Event: 867725.103 GC heap before
{Heap before GC invocations=372 (full 0):
 garbage-first heap   total 65536K, used 54046K [0x000000070c000000, 0x0000000800000000)
  region size 2048K, 13 young (26624K), 1 survivors (2048K)
 Metaspace       used 77342K, committed 77952K, reserved 1179648K
  class space    used 10324K, committed 10688K, reserved 1048576K
}
Event: 867725.120 GC heap after
{Heap after GC invocations=373 (full 0):
 garbage-first heap   total 65536K, used 29372K [0x000000070c000000, 0x0000000800000000)
  region size 2048K, 1 young (2048K), 1 survivors (2048K)
 Metaspace       used 77342K, committed 77952K, reserved 1179648K
  class space    used 10324K, committed 10688K, reserved 1048576K
}
Event: 868460.675 GC heap before
{Heap before GC invocations=373 (full 0):
 garbage-first heap   total 65536K, used 53948K [0x000000070c000000, 0x0000000800000000)
  region size 2048K, 13 young (26624K), 1 survivors (2048K)
 Metaspace       used 77350K, committed 77952K, reserved 1179648K
  class space    used 10324K, committed 10688K, reserved 1048576K
}
Event: 868460.693 GC heap after
{Heap after GC invocations=374 (full 0):
 garbage-first heap   total 65536K, used 29500K [0x000000070c000000, 0x0000000800000000)
  region size 2048K, 1 young (2048K), 1 survivors (2048K)
 Metaspace       used 77350K, committed 77952K, reserved 1179648K
  class space    used 10324K, committed 10688K, reserved 1048576K
}
Event: 869204.943 GC heap before
{Heap before GC invocations=374 (full 0):
 garbage-first heap   total 65536K, used 54076K [0x000000070c000000, 0x0000000800000000)
  region size 2048K, 13 young (26624K), 1 survivors (2048K)
 Metaspace       used 77371K, committed 77952K, reserved 1179648K
  class space    used 10324K, committed 10688K, reserved 1048576K
}
Event: 869204.944 GC heap after
{Heap after GC invocations=375 (full 0):
 garbage-first heap   total 65536K, used 29415K [0x000000070c000000, 0x0000000800000000)
  region size 2048K, 1 young (2048K), 1 survivors (2048K)
 Metaspace       used 77371K, committed 77952K, reserved 1179648K
  class space    used 10324K, committed 10688K, reserved 1048576K
}
Event: 869979.122 GC heap before
{Heap before GC invocations=375 (full 0):
 garbage-first heap   total 65536K, used 53991K [0x000000070c000000, 0x0000000800000000)
  region size 2048K, 13 young (26624K), 1 survivors (2048K)
 Metaspace       used 77371K, committed 77952K, reserved 1179648K
  class space    used 10324K, committed 10688K, reserved 1048576K
}
Event: 869979.124 GC heap after
{Heap after GC invocations=376 (full 0):
 garbage-first heap   total 65536K, used 29270K [0x000000070c000000, 0x0000000800000000)
  region size 2048K, 1 young (2048K), 1 survivors (2048K)
 Metaspace       used 77371K, committed 77952K, reserved 1179648K
  class space    used 10324K, committed 10688K, reserved 1048576K
}
Event: 918810.789 GC heap before
{Heap before GC invocations=376 (full 0):
 garbage-first heap   total 65536K, used 53846K [0x000000070c000000, 0x0000000800000000)
  region size 2048K, 13 young (26624K), 1 survivors (2048K)
 Metaspace       used 77371K, committed 77952K, reserved 1179648K
  class space    used 10324K, committed 10688K, reserved 1048576K
}
Event: 918810.800 GC heap after
{Heap after GC invocations=377 (full 0):
 garbage-first heap   total 65536K, used 29676K [0x000000070c000000, 0x0000000800000000)
  region size 2048K, 1 young (2048K), 1 survivors (2048K)
 Metaspace       used 77371K, committed 77952K, reserved 1179648K
  class space    used 10324K, committed 10688K, reserved 1048576K
}
Event: 919597.147 GC heap before
{Heap before GC invocations=377 (full 0):
 garbage-first heap   total 65536K, used 54252K [0x000000070c000000, 0x0000000800000000)
  region size 2048K, 13 young (26624K), 1 survivors (2048K)
 Metaspace       used 77375K, committed 77952K, reserved 1179648K
  class space    used 10324K, committed 10688K, reserved 1048576K
}
Event: 919597.152 GC heap after
{Heap after GC invocations=378 (full 0):
 garbage-first heap   total 65536K, used 28945K [0x000000070c000000, 0x0000000800000000)
  region size 2048K, 1 young (2048K), 1 survivors (2048K)
 Metaspace       used 77375K, committed 77952K, reserved 1179648K
  class space    used 10324K, committed 10688K, reserved 1048576K
}
Event: 920343.087 GC heap before
{Heap before GC invocations=378 (full 0):
 garbage-first heap   total 65536K, used 53521K [0x000000070c000000, 0x0000000800000000)
  region size 2048K, 13 young (26624K), 1 survivors (2048K)
 Metaspace       used 77375K, committed 77952K, reserved 1179648K
  class space    used 10324K, committed 10688K, reserved 1048576K
}
Event: 920343.143 GC heap after
{Heap after GC invocations=379 (full 0):
 garbage-first heap   total 65536K, used 29113K [0x000000070c000000, 0x0000000800000000)
  region size 2048K, 1 young (2048K), 1 survivors (2048K)
 Metaspace       used 77375K, committed 77952K, reserved 1179648K
  class space    used 10324K, committed 10688K, reserved 1048576K
}

